<?xml version="1.0" encoding="UTF-8"?>
<!-- Generated by org.testng.reporters.JUnitReportReporter -->
<testsuite hostname="DESKTOP-E4INC72" failures="0" tests="1" name="Selenium_Web_Driver.NewMavenProject.LoginTest_HappyScenario" time="7.658" errors="0" timestamp="2024-10-21T17:34:52 EEST" skipped="0">
  <testcase classname="Selenium_Web_Driver.NewMavenProject.LoginTest_HappyScenario" name="testLoginWithValidCredentials" time="7.658"/>
</testsuite> <!-- Selenium_Web_Driver.NewMavenProject.LoginTest_HappyScenario -->
