<?xml version="1.0" encoding="UTF-8"?>
<!-- Generated by org.testng.reporters.JUnitReportReporter -->
<testsuite hostname="DESKTOP-E4INC72" failures="0" tests="1" name="Selenium_Web_Driver.NewMavenProject.HomePage_HappyScenario" time="0.241" errors="0" timestamp="2024-10-11T19:45:09 EEST" skipped="0">
  <testcase classname="Selenium_Web_Driver.NewMavenProject.HomePage_HappyScenario" name="TestHomePageVisibleSuccessfully" time="0.241"/>
</testsuite> <!-- Selenium_Web_Driver.NewMavenProject.HomePage_HappyScenario -->
