<?xml version="1.0" encoding="UTF-8"?>
<!-- Generated by org.testng.reporters.JUnitReportReporter -->
<testsuite hostname="DESKTOP-E4INC72" failures="0" tests="1" name="Selenium_Web_Driver.NewMavenProject.ContactUs_HappyScenario" time="7.896" errors="0" timestamp="2024-10-15T04:45:55 EEST" skipped="0">
  <testcase classname="Selenium_Web_Driver.NewMavenProject.ContactUs_HappyScenario" name="testContactUs" time="7.896"/>
</testsuite> <!-- Selenium_Web_Driver.NewMavenProject.ContactUs_HappyScenario -->
