<?xml version="1.0" encoding="UTF-8"?>
<!-- Generated by org.testng.reporters.JUnitReportReporter -->
<testsuite hostname="DESKTOP-E4INC72" failures="0" tests="1" name="Selenium_Web_Driver.NewMavenProject.TestCasesTest_HappyScenario" time="2.462" errors="0" timestamp="2024-10-11T19:56:04 EEST" skipped="0">
  <testcase classname="Selenium_Web_Driver.NewMavenProject.TestCasesTest_HappyScenario" name="testNavigationToTestCasesPage" time="2.462"/>
</testsuite> <!-- Selenium_Web_Driver.NewMavenProject.TestCasesTest_HappyScenario -->
