<?xml version="1.0" encoding="UTF-8"?>
<!-- Generated by org.testng.reporters.JUnitReportReporter -->
<testsuite hostname="DESKTOP-E4INC72" failures="0" tests="2" name="Selenium_Web_Driver.NewMavenProject.ProductsTest_HappyScenario" time="20.390" errors="0" timestamp="2024-10-16T00:44:19 EEST" skipped="0">
  <testcase classname="Selenium_Web_Driver.NewMavenProject.ProductsTest_HappyScenario" name="testingAllProductsAreVisabile" time="17.070"/>
  <testcase classname="Selenium_Web_Driver.NewMavenProject.ProductsTest_HappyScenario" name="testingViewProduct" time="3.320"/>
</testsuite> <!-- Selenium_Web_Driver.NewMavenProject.ProductsTest_HappyScenario -->
