<?xml version="1.0" encoding="UTF-8"?>
<!-- Generated by org.testng.reporters.JUnitReportReporter -->
<testsuite hostname="DESKTOP-E4INC72" failures="0" tests="1" name="Selenium_Web_Driver.NewMavenProject.AddProductsInCart" time="8.861" errors="0" timestamp="2024-10-28T12:30:12 EEST" skipped="0">
  <testcase classname="Selenium_Web_Driver.NewMavenProject.AddProductsInCart" name="testingAddingProductsInCart" time="8.861"/>
</testsuite> <!-- Selenium_Web_Driver.NewMavenProject.AddProductsInCart -->
