<?xml version="1.0" encoding="UTF-8"?>
<!-- Generated by org.testng.reporters.JUnitReportReporter -->
<testsuite hostname="DESKTOP-E4INC72" failures="0" tests="1" name="Selenium_Web_Driver.NewMavenProject.ContactUs_HappyScenario" time="9.957" errors="0" timestamp="2024-10-16T00:44:19 EEST" skipped="0">
  <testcase classname="Selenium_Web_Driver.NewMavenProject.ContactUs_HappyScenario" name="testContactUs" time="9.957"/>
</testsuite> <!-- Selenium_Web_Driver.NewMavenProject.ContactUs_HappyScenario -->
