<?xml version="1.0" encoding="UTF-8"?>
<!-- Generated by org.testng.reporters.JUnitReportReporter -->
<testsuite hostname="DESKTOP-E4INC72" failures="0" tests="2" name="Selenium_Web_Driver.NewMavenProject.SubscriptionTest_HappyScenario" time="3.944" errors="0" timestamp="2024-10-23T00:59:35 EEST" skipped="0">
  <testcase classname="Selenium_Web_Driver.NewMavenProject.SubscriptionTest_HappyScenario" name="testingSubscription" time="1.123"/>
  <testcase classname="Selenium_Web_Driver.NewMavenProject.SubscriptionTest_HappyScenario" name="testSubscriptionInCartPage" time="2.821"/>
</testsuite> <!-- Selenium_Web_Driver.NewMavenProject.SubscriptionTest_HappyScenario -->
