<?xml version="1.0" encoding="UTF-8"?>
<!-- Generated by org.testng.reporters.JUnitReportReporter -->
<testsuite hostname="DESKTOP-E4INC72" failures="0" tests="1" name="Selenium_Web_Driver.NewMavenProject.NewTest" time="2.674" errors="0" timestamp="2024-10-08T15:56:10 EEST" skipped="0">
  <testcase classname="Selenium_Web_Driver.NewMavenProject.NewTest" name="testBrowserSearch" time="2.674"/>
</testsuite> <!-- Selenium_Web_Driver.NewMavenProject.NewTest -->
