<?xml version="1.0" encoding="UTF-8"?>
<!-- Generated by org.testng.reporters.JUnitReportReporter -->
<testsuite hostname="DESKTOP-E4INC72" failures="0" tests="1" name="Selenium_Web_Driver.NewMavenProject.ProductsTest_HappyScenario" time="5.604" errors="0" timestamp="2024-10-13T01:52:25 EEST" skipped="0">
  <testcase classname="Selenium_Web_Driver.NewMavenProject.ProductsTest_HappyScenario" name="testingViewProduct" time="5.604"/>
</testsuite> <!-- Selenium_Web_Driver.NewMavenProject.ProductsTest_HappyScenario -->
