<?xml version="1.0" encoding="UTF-8"?>
<!-- Generated by org.testng.reporters.JUnitReportReporter -->
<testsuite hostname="DESKTOP-E4INC72" failures="0" tests="1" name="Selenium_Web_Driver.NewMavenProject.VerifyProductQuantityInCart" time="10.417" errors="0" timestamp="2024-10-28T15:43:40 EEST" skipped="0">
  <testcase classname="Selenium_Web_Driver.NewMavenProject.VerifyProductQuantityInCart" name="increaseProductQuantityInCart" time="10.417"/>
</testsuite> <!-- Selenium_Web_Driver.NewMavenProject.VerifyProductQuantityInCart -->
