<?xml version="1.0" encoding="UTF-8"?>
<!-- Generated by org.testng.reporters.JUnitReportReporter -->
<testsuite hostname="DESKTOP-E4INC72" failures="0" tests="1" name="Selenium_Web_Driver.NewMavenProject.RegisterTest_HappyScenario" time="12.868" errors="0" timestamp="2024-10-15T04:45:00 EEST" skipped="0">
  <testcase classname="Selenium_Web_Driver.NewMavenProject.RegisterTest_HappyScenario" name="testRegister_NewEmail" time="12.868"/>
</testsuite> <!-- Selenium_Web_Driver.NewMavenProject.RegisterTest_HappyScenario -->
