<?xml version="1.0" encoding="UTF-8"?>
<!-- Generated by org.testng.reporters.JUnitReportReporter -->
<testsuite hostname="DESKTOP-E4INC72" failures="0" tests="1" name="Selenium_Web_Driver.NewMavenProject.SearchProductTest_HappyScenario" time="21.808" errors="0" timestamp="2024-10-13T03:35:10 EEST" skipped="0">
  <testcase classname="Selenium_Web_Driver.NewMavenProject.SearchProductTest_HappyScenario" name="testingSearchingForProduct" time="21.808"/>
</testsuite> <!-- Selenium_Web_Driver.NewMavenProject.SearchProductTest_HappyScenario -->
