<?xml version="1.0" encoding="UTF-8"?>
<!-- Generated by org.testng.reporters.JUnitReportReporter -->
<testsuite hostname="DESKTOP-E4INC72" failures="0" tests="1" name="Selenium_Web_Driver.NewMavenProject.LoginTest_NegativeScenario" time="3.685" errors="0" timestamp="2024-10-09T17:56:16 EEST" skipped="0">
  <testcase classname="Selenium_Web_Driver.NewMavenProject.LoginTest_NegativeScenario" name="loginWithWrongCredentials" time="3.685"/>
</testsuite> <!-- Selenium_Web_Driver.NewMavenProject.LoginTest_NegativeScenario -->
